{"E:\\NAMASTE REACT\\src\\config.js": {"path":"E:\\NAMASTE REACT\\src\\config.js","statementMap":{"0":{"start":{"line":1,"column":27},"end":{"line":1,"column":118}},"1":{"start":{"line":3,"column":29},"end":{"line":3,"column":109}},"2":{"start":{"line":5,"column":36},"end":{"line":736,"column":1}}},"fnMap":{},"branchMap":{},"s":{"0":2,"1":2,"2":2},"f":{},"b":{},"_coverageSchema":"1a1c01bbd47fc00a2c39e90264f33305004495a9","hash":"0dfc716a9985b50506cccd87f71a944daf72044e"}
,"E:\\NAMASTE REACT\\src\\components\\Body.js": {"path":"E:\\NAMASTE REACT\\src\\components\\Body.js","statementMap":{"0":{"start":{"line":11,"column":13},"end":{"line":68,"column":1}},"1":{"start":{"line":12,"column":43},"end":{"line":12,"column":55}},"2":{"start":{"line":13,"column":36},"end":{"line":13,"column":48}},"3":{"start":{"line":14,"column":53},"end":{"line":14,"column":65}},"4":{"start":{"line":15,"column":30},"end":{"line":15,"column":53}},"5":{"start":{"line":16,"column":2},"end":{"line":18,"column":9}},"6":{"start":{"line":17,"column":4},"end":{"line":17,"column":21}},"7":{"start":{"line":21,"column":17},"end":{"line":21,"column":139}},"8":{"start":{"line":22,"column":15},"end":{"line":22,"column":32}},"9":{"start":{"line":24,"column":4},"end":{"line":24,"column":62}},"10":{"start":{"line":25,"column":4},"end":{"line":25,"column":67}},"11":{"start":{"line":28,"column":17},"end":{"line":28,"column":28}},"12":{"start":{"line":29,"column":2},"end":{"line":31,"column":3}},"13":{"start":{"line":30,"column":4},"end":{"line":30,"column":69}},"14":{"start":{"line":32,"column":2},"end":{"line":32,"column":35}},"15":{"start":{"line":32,"column":23},"end":{"line":32,"column":35}},"16":{"start":{"line":35,"column":21},"end":{"line":37,"column":3}},"17":{"start":{"line":39,"column":2},"end":{"line":67,"column":3}},"18":{"start":{"line":43,"column":9},"end":{"line":43,"column":39}},"19":{"start":{"line":47,"column":19},"end":{"line":47,"column":56}},"20":{"start":{"line":49,"column":8},"end":{"line":49,"column":36}},"21":{"start":{"line":53,"column":11},"end":{"line":56,"column":10}},"22":{"start":{"line":62,"column":10},"end":{"line":62,"column":160}}},"fnMap":{"0":{"name":"(anonymous_0)","decl":{"start":{"line":11,"column":13},"end":{"line":11,"column":14}},"loc":{"start":{"line":11,"column":25},"end":{"line":68,"column":1}},"line":11},"1":{"name":"(anonymous_1)","decl":{"start":{"line":16,"column":12},"end":{"line":16,"column":13}},"loc":{"start":{"line":16,"column":18},"end":{"line":18,"column":3}},"line":16},"2":{"name":"getRestaurants","decl":{"start":{"line":20,"column":17},"end":{"line":20,"column":31}},"loc":{"start":{"line":20,"column":33},"end":{"line":26,"column":3}},"line":20},"3":{"name":"(anonymous_3)","decl":{"start":{"line":42,"column":127},"end":{"line":42,"column":128}},"loc":{"start":{"line":43,"column":8},"end":{"line":43,"column":40}},"line":43},"4":{"name":"(anonymous_4)","decl":{"start":{"line":45,"column":123},"end":{"line":45,"column":124}},"loc":{"start":{"line":45,"column":127},"end":{"line":50,"column":9}},"line":45},"5":{"name":"(anonymous_5)","decl":{"start":{"line":53,"column":8},"end":{"line":53,"column":9}},"loc":{"start":{"line":53,"column":11},"end":{"line":56,"column":10}},"line":53},"6":{"name":"(anonymous_6)","decl":{"start":{"line":61,"column":33},"end":{"line":61,"column":34}},"loc":{"start":{"line":61,"column":49},"end":{"line":63,"column":9}},"line":61}},"branchMap":{"0":{"loc":{"start":{"line":29,"column":2},"end":{"line":31,"column":3}},"type":"if","locations":[{"start":{"line":29,"column":2},"end":{"line":31,"column":3}},{"start":{},"end":{}}],"line":29},"1":{"loc":{"start":{"line":32,"column":2},"end":{"line":32,"column":35}},"type":"if","locations":[{"start":{"line":32,"column":2},"end":{"line":32,"column":35}},{"start":{},"end":{}}],"line":32},"2":{"loc":{"start":{"line":39,"column":9},"end":{"line":67,"column":3}},"type":"cond-expr","locations":[{"start":{"line":39,"column":39},"end":{"line":39,"column":49}},{"start":{"line":40,"column":4},"end":{"line":66,"column":7}}],"line":39}},"s":{"0":1,"1":6,"2":6,"3":6,"4":6,"5":6,"6":2,"7":2,"8":2,"9":2,"10":2,"11":6,"12":6,"13":0,"14":6,"15":0,"16":6,"17":6,"18":1,"19":1,"20":1,"21":0,"22":46},"f":{"0":6,"1":2,"2":2,"3":1,"4":1,"5":0,"6":46},"b":{"0":[0,6],"1":[0,6],"2":[2,4]},"_coverageSchema":"1a1c01bbd47fc00a2c39e90264f33305004495a9","hash":"a015c4e13a13780a654218d753c24545c6d656a9"}
,"E:\\NAMASTE REACT\\src\\components\\Header.js": {"path":"E:\\NAMASTE REACT\\src\\components\\Header.js","statementMap":{"0":{"start":{"line":6,"column":18},"end":{"line":9,"column":1}},"1":{"start":{"line":8,"column":4},"end":{"line":8,"column":17}},"2":{"start":{"line":10,"column":21},"end":{"line":12,"column":1}},"3":{"start":{"line":11,"column":4},"end":{"line":11,"column":99}},"4":{"start":{"line":13,"column":15},"end":{"line":43,"column":1}},"5":{"start":{"line":14,"column":40},"end":{"line":14,"column":55}},"6":{"start":{"line":15,"column":23},"end":{"line":15,"column":46}},"7":{"start":{"line":17,"column":22},"end":{"line":17,"column":60}},"8":{"start":{"line":17,"column":43},"end":{"line":17,"column":59}},"9":{"start":{"line":25,"column":4},"end":{"line":42,"column":6}},"10":{"start":{"line":37,"column":58},"end":{"line":37,"column":78}},"11":{"start":{"line":38,"column":71},"end":{"line":38,"column":90}}},"fnMap":{"0":{"name":"(anonymous_0)","decl":{"start":{"line":6,"column":18},"end":{"line":6,"column":19}},"loc":{"start":{"line":6,"column":24},"end":{"line":9,"column":1}},"line":6},"1":{"name":"(anonymous_1)","decl":{"start":{"line":10,"column":21},"end":{"line":10,"column":22}},"loc":{"start":{"line":10,"column":27},"end":{"line":12,"column":1}},"line":10},"2":{"name":"(anonymous_2)","decl":{"start":{"line":13,"column":15},"end":{"line":13,"column":16}},"loc":{"start":{"line":13,"column":21},"end":{"line":43,"column":1}},"line":13},"3":{"name":"(anonymous_3)","decl":{"start":{"line":17,"column":34},"end":{"line":17,"column":35}},"loc":{"start":{"line":17,"column":43},"end":{"line":17,"column":59}},"line":17},"4":{"name":"(anonymous_4)","decl":{"start":{"line":37,"column":52},"end":{"line":37,"column":53}},"loc":{"start":{"line":37,"column":58},"end":{"line":37,"column":78}},"line":37},"5":{"name":"(anonymous_5)","decl":{"start":{"line":38,"column":65},"end":{"line":38,"column":66}},"loc":{"start":{"line":38,"column":71},"end":{"line":38,"column":90}},"line":38}},"branchMap":{"0":{"loc":{"start":{"line":37,"column":20},"end":{"line":38,"column":108}},"type":"cond-expr","locations":[{"start":{"line":37,"column":35},"end":{"line":37,"column":134}},{"start":{"line":38,"column":24},"end":{"line":38,"column":108}}],"line":37}},"s":{"0":2,"1":0,"2":2,"3":5,"4":2,"5":5,"6":5,"7":5,"8":7,"9":5,"10":0,"11":0},"f":{"0":0,"1":5,"2":5,"3":7,"4":0,"5":0},"b":{"0":[0,5]},"_coverageSchema":"1a1c01bbd47fc00a2c39e90264f33305004495a9","hash":"ac1cfee4933c6973ccc27bd334949e43314fdb26"}
,"E:\\NAMASTE REACT\\src\\components\\RestaurantCard.js": {"path":"E:\\NAMASTE REACT\\src\\components\\RestaurantCard.js","statementMap":{"0":{"start":{"line":4,"column":30},"end":{"line":15,"column":1}},"1":{"start":{"line":5,"column":19},"end":{"line":5,"column":42}},"2":{"start":{"line":6,"column":4},"end":{"line":14,"column":5}}},"fnMap":{"0":{"name":"(anonymous_0)","decl":{"start":{"line":4,"column":30},"end":{"line":4,"column":31}},"loc":{"start":{"line":4,"column":94},"end":{"line":15,"column":1}},"line":4}},"branchMap":{},"s":{"0":1,"1":46,"2":46},"f":{"0":46},"b":{},"_coverageSchema":"1a1c01bbd47fc00a2c39e90264f33305004495a9","hash":"adda5366115e0f6807d0c0e77978bacbac44526c"}
,"E:\\NAMASTE REACT\\src\\components\\RestuarantDetail.js": {"path":"E:\\NAMASTE REACT\\src\\components\\RestuarantDetail.js","statementMap":{"0":{"start":{"line":8,"column":25},"end":{"line":46,"column":1}},"1":{"start":{"line":9,"column":19},"end":{"line":9,"column":30}},"2":{"start":{"line":10,"column":19},"end":{"line":10,"column":25}},"3":{"start":{"line":11,"column":23},"end":{"line":11,"column":40}},"4":{"start":{"line":14,"column":19},"end":{"line":14,"column":32}},"5":{"start":{"line":19,"column":22},"end":{"line":21,"column":5}},"6":{"start":{"line":20,"column":8},"end":{"line":20,"column":31}},"7":{"start":{"line":22,"column":4},"end":{"line":45,"column":5}},"8":{"start":{"line":40,"column":24},"end":{"line":40,"column":173}},"9":{"start":{"line":40,"column":108},"end":{"line":40,"column":125}}},"fnMap":{"0":{"name":"(anonymous_0)","decl":{"start":{"line":8,"column":25},"end":{"line":8,"column":26}},"loc":{"start":{"line":8,"column":31},"end":{"line":46,"column":1}},"line":8},"1":{"name":"(anonymous_1)","decl":{"start":{"line":19,"column":22},"end":{"line":19,"column":23}},"loc":{"start":{"line":19,"column":30},"end":{"line":21,"column":5}},"line":19},"2":{"name":"(anonymous_2)","decl":{"start":{"line":39,"column":64},"end":{"line":39,"column":65}},"loc":{"start":{"line":40,"column":24},"end":{"line":40,"column":173}},"line":40},"3":{"name":"(anonymous_3)","decl":{"start":{"line":40,"column":104},"end":{"line":40,"column":105}},"loc":{"start":{"line":40,"column":108},"end":{"line":40,"column":125}},"line":40}},"branchMap":{"0":{"loc":{"start":{"line":22,"column":11},"end":{"line":45,"column":5}},"type":"cond-expr","locations":[{"start":{"line":22,"column":27},"end":{"line":22,"column":38}},{"start":{"line":23,"column":8},"end":{"line":44,"column":14}}],"line":22}},"s":{"0":1,"1":2,"2":2,"3":2,"4":2,"5":2,"6":2,"7":2,"8":532,"9":2},"f":{"0":2,"1":2,"2":532,"3":2},"b":{"0":[1,1]},"_coverageSchema":"1a1c01bbd47fc00a2c39e90264f33305004495a9","hash":"d2cad590661f74526b4879f5641abf9696cd341f"}
,"E:\\NAMASTE REACT\\src\\components\\Shimmer.js": {"path":"E:\\NAMASTE REACT\\src\\components\\Shimmer.js","statementMap":{"0":{"start":{"line":1,"column":14},"end":{"line":13,"column":1}},"1":{"start":{"line":2,"column":8},"end":{"line":12,"column":5}},"2":{"start":{"line":8,"column":12},"end":{"line":8,"column":61}}},"fnMap":{"0":{"name":"(anonymous_0)","decl":{"start":{"line":1,"column":14},"end":{"line":1,"column":15}},"loc":{"start":{"line":1,"column":18},"end":{"line":13,"column":1}},"line":1},"1":{"name":"(anonymous_1)","decl":{"start":{"line":7,"column":16},"end":{"line":7,"column":17}},"loc":{"start":{"line":8,"column":12},"end":{"line":8,"column":61}},"line":8}},"branchMap":{},"s":{"0":2,"1":3,"2":30},"f":{"0":3,"1":30},"b":{},"_coverageSchema":"1a1c01bbd47fc00a2c39e90264f33305004495a9","hash":"f8e98db6b0bea3bc02e5ff718deb018e537d336c"}
,"E:\\NAMASTE REACT\\src\\components\\sum.js": {"path":"E:\\NAMASTE REACT\\src\\components\\sum.js","statementMap":{"0":{"start":{"line":1,"column":17},"end":{"line":1,"column":28}},"1":{"start":{"line":1,"column":25},"end":{"line":1,"column":28}}},"fnMap":{"0":{"name":"(anonymous_0)","decl":{"start":{"line":1,"column":17},"end":{"line":1,"column":18}},"loc":{"start":{"line":1,"column":25},"end":{"line":1,"column":28}},"line":1}},"branchMap":{},"s":{"0":1,"1":1},"f":{"0":1},"b":{},"_coverageSchema":"1a1c01bbd47fc00a2c39e90264f33305004495a9","hash":"8d9fae399bfc92f84c24594132b6a51f6d555107"}
,"E:\\NAMASTE REACT\\src\\mocks\\APIData.js": {"path":"E:\\NAMASTE REACT\\src\\mocks\\APIData.js","statementMap":{"0":{"start":{"line":2,"column":0},"end":{"line":23875,"column":1}},"1":{"start":{"line":23878,"column":0},"end":{"line":26487,"column":1}}},"fnMap":{},"branchMap":{},"s":{"0":2,"1":2},"f":{},"b":{},"_coverageSchema":"1a1c01bbd47fc00a2c39e90264f33305004495a9","hash":"7bb234668b508926130f428399dc36aa61a0fc89"}
,"E:\\NAMASTE REACT\\src\\mocks\\dummyLogo.js": {"path":"E:\\NAMASTE REACT\\src\\mocks\\dummyLogo.js","statementMap":{},"fnMap":{},"branchMap":{},"s":{},"f":{},"b":{},"_coverageSchema":"1a1c01bbd47fc00a2c39e90264f33305004495a9","hash":"60d371137fb188d0730fc66869279332c9f3dfb7"}
,"E:\\NAMASTE REACT\\src\\utils\\UserContext.js": {"path":"E:\\NAMASTE REACT\\src\\utils\\UserContext.js","statementMap":{"0":{"start":{"line":3,"column":18},"end":{"line":7,"column":2}},"1":{"start":{"line":9,"column":0},"end":{"line":9,"column":37}}},"fnMap":{},"branchMap":{},"s":{"0":3,"1":3},"f":{},"b":{},"_coverageSchema":"1a1c01bbd47fc00a2c39e90264f33305004495a9","hash":"88f66e88a5c9df4fd4aee569257956e5ba4123c3"}
,"E:\\NAMASTE REACT\\src\\utils\\cartSlice.js": {"path":"E:\\NAMASTE REACT\\src\\utils\\cartSlice.js","statementMap":{"0":{"start":{"line":3,"column":16},"end":{"line":19,"column":2}},"1":{"start":{"line":10,"column":12},"end":{"line":10,"column":44}},"2":{"start":{"line":13,"column":12},"end":{"line":13,"column":27}},"3":{"start":{"line":16,"column":12},"end":{"line":16,"column":30}},"4":{"start":{"line":21,"column":51},"end":{"line":21,"column":68}}},"fnMap":{"0":{"name":"(anonymous_0)","decl":{"start":{"line":9,"column":16},"end":{"line":9,"column":17}},"loc":{"start":{"line":9,"column":32},"end":{"line":11,"column":9}},"line":9},"1":{"name":"(anonymous_1)","decl":{"start":{"line":12,"column":19},"end":{"line":12,"column":20}},"loc":{"start":{"line":12,"column":28},"end":{"line":14,"column":9}},"line":12},"2":{"name":"(anonymous_2)","decl":{"start":{"line":15,"column":8},"end":{"line":15,"column":9}},"loc":{"start":{"line":15,"column":33},"end":{"line":17,"column":9}},"line":15}},"branchMap":{},"s":{"0":3,"1":2,"2":0,"3":0,"4":3},"f":{"0":2,"1":0,"2":0},"b":{},"_coverageSchema":"1a1c01bbd47fc00a2c39e90264f33305004495a9","hash":"3b26c39f90912a6edb170e2bf5dd7f47417edb3f"}
,"E:\\NAMASTE REACT\\src\\utils\\helper.js": {"path":"E:\\NAMASTE REACT\\src\\utils\\helper.js","statementMap":{"0":{"start":{"line":2,"column":23},"end":{"line":4,"column":5}},"1":{"start":{"line":3,"column":8},"end":{"line":3,"column":81}},"2":{"start":{"line":5,"column":4},"end":{"line":5,"column":21}}},"fnMap":{"0":{"name":"filterData","decl":{"start":{"line":1,"column":16},"end":{"line":1,"column":26}},"loc":{"start":{"line":1,"column":52},"end":{"line":6,"column":1}},"line":1},"1":{"name":"(anonymous_1)","decl":{"start":{"line":2,"column":42},"end":{"line":2,"column":43}},"loc":{"start":{"line":3,"column":8},"end":{"line":3,"column":81}},"line":3}},"branchMap":{},"s":{"0":1,"1":15,"2":1},"f":{"0":1,"1":15},"b":{},"_coverageSchema":"1a1c01bbd47fc00a2c39e90264f33305004495a9","hash":"c5980dfed32b476006ffc9c2a3ecf9441ecec727"}
,"E:\\NAMASTE REACT\\src\\utils\\store.js": {"path":"E:\\NAMASTE REACT\\src\\utils\\store.js","statementMap":{"0":{"start":{"line":4,"column":14},"end":{"line":8,"column":2}}},"fnMap":{},"branchMap":{},"s":{"0":3},"f":{},"b":{},"_coverageSchema":"1a1c01bbd47fc00a2c39e90264f33305004495a9","hash":"c7ee680ab797b8452d9e6d8c89c732f82b3fc003"}
,"E:\\NAMASTE REACT\\src\\utils\\useOnline.js": {"path":"E:\\NAMASTE REACT\\src\\utils\\useOnline.js","statementMap":{"0":{"start":{"line":3,"column":16},"end":{"line":21,"column":1}},"1":{"start":{"line":4,"column":34},"end":{"line":4,"column":48}},"2":{"start":{"line":6,"column":4},"end":{"line":19,"column":7}},"3":{"start":{"line":7,"column":27},"end":{"line":9,"column":9}},"4":{"start":{"line":8,"column":12},"end":{"line":8,"column":29}},"5":{"start":{"line":10,"column":28},"end":{"line":12,"column":9}},"6":{"start":{"line":11,"column":12},"end":{"line":11,"column":30}},"7":{"start":{"line":13,"column":5},"end":{"line":13,"column":51}},"8":{"start":{"line":14,"column":5},"end":{"line":14,"column":53}},"9":{"start":{"line":15,"column":4},"end":{"line":18,"column":5}},"10":{"start":{"line":16,"column":9},"end":{"line":16,"column":58}},"11":{"start":{"line":17,"column":9},"end":{"line":17,"column":60}},"12":{"start":{"line":20,"column":4},"end":{"line":20,"column":20}}},"fnMap":{"0":{"name":"(anonymous_0)","decl":{"start":{"line":3,"column":16},"end":{"line":3,"column":17}},"loc":{"start":{"line":3,"column":20},"end":{"line":21,"column":1}},"line":3},"1":{"name":"(anonymous_1)","decl":{"start":{"line":6,"column":14},"end":{"line":6,"column":15}},"loc":{"start":{"line":6,"column":18},"end":{"line":19,"column":2}},"line":6},"2":{"name":"(anonymous_2)","decl":{"start":{"line":7,"column":27},"end":{"line":7,"column":28}},"loc":{"start":{"line":7,"column":31},"end":{"line":9,"column":9}},"line":7},"3":{"name":"(anonymous_3)","decl":{"start":{"line":10,"column":28},"end":{"line":10,"column":29}},"loc":{"start":{"line":10,"column":32},"end":{"line":12,"column":9}},"line":10},"4":{"name":"(anonymous_4)","decl":{"start":{"line":15,"column":11},"end":{"line":15,"column":12}},"loc":{"start":{"line":15,"column":15},"end":{"line":18,"column":5}},"line":15}},"branchMap":{},"s":{"0":1,"1":6,"2":6,"3":2,"4":0,"5":2,"6":0,"7":2,"8":2,"9":2,"10":2,"11":2,"12":6},"f":{"0":6,"1":2,"2":0,"3":0,"4":2},"b":{},"_coverageSchema":"1a1c01bbd47fc00a2c39e90264f33305004495a9","hash":"781695b64fa7e56f5c1d01e86cc09b4331ac89ae"}
,"E:\\NAMASTE REACT\\src\\utils\\useRestaurant.js": {"path":"E:\\NAMASTE REACT\\src\\utils\\useRestaurant.js","statementMap":{"0":{"start":{"line":3,"column":20},"end":{"line":16,"column":1}},"1":{"start":{"line":4,"column":37},"end":{"line":4,"column":51}},"2":{"start":{"line":6,"column":4},"end":{"line":8,"column":11}},"3":{"start":{"line":7,"column":8},"end":{"line":7,"column":29}},"4":{"start":{"line":10,"column":21},"end":{"line":10,"column":56}},"5":{"start":{"line":11,"column":21},"end":{"line":11,"column":38}},"6":{"start":{"line":12,"column":8},"end":{"line":12,"column":32}},"7":{"start":{"line":15,"column":4},"end":{"line":15,"column":22}}},"fnMap":{"0":{"name":"(anonymous_0)","decl":{"start":{"line":3,"column":20},"end":{"line":3,"column":21}},"loc":{"start":{"line":3,"column":29},"end":{"line":16,"column":1}},"line":3},"1":{"name":"(anonymous_1)","decl":{"start":{"line":6,"column":14},"end":{"line":6,"column":15}},"loc":{"start":{"line":6,"column":20},"end":{"line":8,"column":5}},"line":6},"2":{"name":"getRestaurantsInfo","decl":{"start":{"line":9,"column":19},"end":{"line":9,"column":37}},"loc":{"start":{"line":9,"column":40},"end":{"line":13,"column":5}},"line":9}},"branchMap":{},"s":{"0":1,"1":2,"2":2,"3":1,"4":1,"5":1,"6":1,"7":2},"f":{"0":2,"1":1,"2":1},"b":{},"_coverageSchema":"1a1c01bbd47fc00a2c39e90264f33305004495a9","hash":"2277b4d3dadb1db75538e1385df24bc346ea01ac"}
}
