TN:
SF:src\config.js
FNF:0
FNH:0
DA:1,2
DA:3,2
DA:5,2
LF:3
LH:3
BRF:0
BRH:0
end_of_record
TN:
SF:src\components\Body.js
FN:11,(anonymous_0)
FN:16,(anonymous_1)
FN:20,getRestaurants
FN:42,(anonymous_3)
FN:45,(anonymous_4)
FN:53,(anonymous_5)
FN:61,(anonymous_6)
FNF:7
FNH:6
FNDA:6,(anonymous_0)
FNDA:2,(anonymous_1)
FNDA:2,getRestaurants
FNDA:1,(anonymous_3)
FNDA:1,(anonymous_4)
FNDA:0,(anonymous_5)
FNDA:46,(anonymous_6)
DA:11,1
DA:12,6
DA:13,6
DA:14,6
DA:15,6
DA:16,6
DA:17,2
DA:21,2
DA:22,2
DA:24,2
DA:25,2
DA:28,6
DA:29,6
DA:30,0
DA:32,6
DA:35,6
DA:39,6
DA:43,1
DA:47,1
DA:49,1
DA:53,0
DA:62,46
LF:22
LH:20
BRDA:29,0,0,0
BRDA:29,0,1,6
BRDA:32,1,0,0
BRDA:32,1,1,6
BRDA:39,2,0,2
BRDA:39,2,1,4
BRF:6
BRH:4
end_of_record
TN:
SF:src\components\Header.js
FN:6,(anonymous_0)
FN:10,(anonymous_1)
FN:13,(anonymous_2)
FN:17,(anonymous_3)
FN:37,(anonymous_4)
FN:38,(anonymous_5)
FNF:6
FNH:3
FNDA:0,(anonymous_0)
FNDA:5,(anonymous_1)
FNDA:5,(anonymous_2)
FNDA:7,(anonymous_3)
FNDA:0,(anonymous_4)
FNDA:0,(anonymous_5)
DA:6,2
DA:8,0
DA:10,2
DA:11,5
DA:13,2
DA:14,5
DA:15,5
DA:17,7
DA:25,5
DA:37,0
DA:38,0
LF:11
LH:8
BRDA:37,0,0,0
BRDA:37,0,1,5
BRF:2
BRH:1
end_of_record
TN:
SF:src\components\RestaurantCard.js
FN:4,(anonymous_0)
FNF:1
FNH:1
FNDA:46,(anonymous_0)
DA:4,1
DA:5,46
DA:6,46
LF:3
LH:3
BRF:0
BRH:0
end_of_record
TN:
SF:src\components\RestuarantDetail.js
FN:8,(anonymous_0)
FN:19,(anonymous_1)
FN:39,(anonymous_2)
FN:40,(anonymous_3)
FNF:4
FNH:4
FNDA:2,(anonymous_0)
FNDA:2,(anonymous_1)
FNDA:532,(anonymous_2)
FNDA:2,(anonymous_3)
DA:8,1
DA:9,2
DA:10,2
DA:11,2
DA:14,2
DA:19,2
DA:20,2
DA:22,2
DA:40,532
LF:9
LH:9
BRDA:22,0,0,1
BRDA:22,0,1,1
BRF:2
BRH:2
end_of_record
TN:
SF:src\components\Shimmer.js
FN:1,(anonymous_0)
FN:7,(anonymous_1)
FNF:2
FNH:2
FNDA:3,(anonymous_0)
FNDA:30,(anonymous_1)
DA:1,2
DA:2,3
DA:8,30
LF:3
LH:3
BRF:0
BRH:0
end_of_record
TN:
SF:src\components\sum.js
FN:1,(anonymous_0)
FNF:1
FNH:1
FNDA:1,(anonymous_0)
DA:1,1
LF:1
LH:1
BRF:0
BRH:0
end_of_record
TN:
SF:src\mocks\APIData.js
FNF:0
FNH:0
DA:2,2
DA:23878,2
LF:2
LH:2
BRF:0
BRH:0
end_of_record
TN:
SF:src\mocks\dummyLogo.js
FNF:0
FNH:0
LF:0
LH:0
BRF:0
BRH:0
end_of_record
TN:
SF:src\utils\UserContext.js
FNF:0
FNH:0
DA:3,3
DA:9,3
LF:2
LH:2
BRF:0
BRH:0
end_of_record
TN:
SF:src\utils\cartSlice.js
FN:9,(anonymous_0)
FN:12,(anonymous_1)
FN:15,(anonymous_2)
FNF:3
FNH:1
FNDA:2,(anonymous_0)
FNDA:0,(anonymous_1)
FNDA:0,(anonymous_2)
DA:3,3
DA:10,2
DA:13,0
DA:16,0
DA:21,3
LF:5
LH:3
BRF:0
BRH:0
end_of_record
TN:
SF:src\utils\helper.js
FN:1,filterData
FN:2,(anonymous_1)
FNF:2
FNH:2
FNDA:1,filterData
FNDA:15,(anonymous_1)
DA:2,1
DA:3,15
DA:5,1
LF:3
LH:3
BRF:0
BRH:0
end_of_record
TN:
SF:src\utils\store.js
FNF:0
FNH:0
DA:4,3
LF:1
LH:1
BRF:0
BRH:0
end_of_record
TN:
SF:src\utils\useOnline.js
FN:3,(anonymous_0)
FN:6,(anonymous_1)
FN:7,(anonymous_2)
FN:10,(anonymous_3)
FN:15,(anonymous_4)
FNF:5
FNH:3
FNDA:6,(anonymous_0)
FNDA:2,(anonymous_1)
FNDA:0,(anonymous_2)
FNDA:0,(anonymous_3)
FNDA:2,(anonymous_4)
DA:3,1
DA:4,6
DA:6,6
DA:7,2
DA:8,0
DA:10,2
DA:11,0
DA:13,2
DA:14,2
DA:15,2
DA:16,2
DA:17,2
DA:20,6
LF:13
LH:11
BRF:0
BRH:0
end_of_record
TN:
SF:src\utils\useRestaurant.js
FN:3,(anonymous_0)
FN:6,(anonymous_1)
FN:9,getRestaurantsInfo
FNF:3
FNH:3
FNDA:2,(anonymous_0)
FNDA:1,(anonymous_1)
FNDA:1,getRestaurantsInfo
DA:3,1
DA:4,2
DA:6,2
DA:7,1
DA:10,1
DA:11,1
DA:12,1
DA:15,2
LF:8
LH:8
BRF:0
BRH:0
end_of_record
